[2026-05-29T03:22:44.243Z] [INFO] Excel Quiz Add-in Server running at https://localhost:3000
[2026-05-29T03:22:44.245Z] [INFO] Taskpane: https://localhost:3000/pages/participant/taskpane.html
[2026-05-29T03:22:44.245Z] [INFO] Dashboard: https://localhost:3000/pages/admin/dashboard.html
[2026-05-29T03:22:44.245Z] [INFO] Manifest: https://localhost:3000/manifest.xml
[2026-05-29T03:22:59.404Z] [REQ] 200 GET /pages/admin/dashboard.html — ::1
[2026-05-29T03:22:59.450Z] [REQ] 200 GET /styles/dashboard.css — ::1
[2026-05-29T03:22:59.461Z] [REQ] 200 GET /js/config/supabase.config.js — ::1
[2026-05-29T03:22:59.470Z] [REQ] 200 GET /js/core/auth.js — ::1
[2026-05-29T03:22:59.472Z] [REQ] 200 GET /js/modules/exam/exam-api.js — ::1
[2026-05-29T03:22:59.473Z] [REQ] 200 GET /js/modules/dashboard/dashboard-api.js — ::1
[2026-05-29T03:22:59.473Z] [REQ] 200 GET /js/utils/api.js — ::1
[2026-05-29T03:22:59.472Z] [REQ] 200 GET /js/core/supabase.js — ::1
[2026-05-29T03:22:59.476Z] [REQ] 200 GET /js/utils/error-handler.js — ::1
[2026-05-29T03:22:59.483Z] [REQ] 200 GET /js/modules/dashboard/dashboard.js — ::1
[2026-05-29T03:23:00.133Z] [REQ] 200 GET /pages/admin/admin-login.html — ::1
[2026-05-29T03:23:00.158Z] [REQ] 304 GET /js/core/supabase.js — ::1
[2026-05-29T03:23:00.158Z] [REQ] 304 GET /js/config/supabase.config.js — ::1
[2026-05-29T03:23:00.159Z] [REQ] 304 GET /js/core/auth.js — ::1
[2026-05-29T03:23:00.161Z] [REQ] 304 GET /js/modules/exam/exam-api.js — ::1
[2026-05-29T03:23:00.162Z] [REQ] 304 GET /js/modules/dashboard/dashboard-api.js — ::1
[2026-05-29T03:23:00.162Z] [REQ] 200 GET /styles/login.css — ::1
[2026-05-29T03:23:00.163Z] [REQ] 304 GET /js/utils/api.js — ::1
[2026-05-29T03:23:00.164Z] [REQ] 304 GET /js/utils/error-handler.js — ::1
[2026-05-29T03:23:02.619Z] [REQ] 304 GET /pages/admin/admin-login.html — ::1
[2026-05-29T03:23:02.633Z] [REQ] 304 GET /styles/login.css — ::1
[2026-05-29T03:23:02.633Z] [REQ] 304 GET /js/config/supabase.config.js — ::1
[2026-05-29T03:23:02.635Z] [REQ] 304 GET /js/core/supabase.js — ::1
[2026-05-29T03:23:02.635Z] [REQ] 304 GET /js/core/auth.js — ::1
[2026-05-29T03:23:02.635Z] [REQ] 304 GET /js/modules/exam/exam-api.js — ::1
[2026-05-29T03:23:02.635Z] [REQ] 304 GET /js/modules/dashboard/dashboard-api.js — ::1
[2026-05-29T03:23:02.637Z] [REQ] 304 GET /js/utils/api.js — ::1
[2026-05-29T03:23:02.638Z] [REQ] 304 GET /js/utils/error-handler.js — ::1
[2026-05-29T03:23:03.659Z] [REQ] 304 GET /pages/admin/admin-login.html — ::1
[2026-05-29T03:23:03.672Z] [REQ] 304 GET /styles/login.css — ::1
[2026-05-29T03:23:03.672Z] [REQ] 304 GET /js/core/supabase.js — ::1
[2026-05-29T03:23:03.672Z] [REQ] 304 GET /js/config/supabase.config.js — ::1
[2026-05-29T03:23:03.672Z] [REQ] 304 GET /js/core/auth.js — ::1
[2026-05-29T03:23:03.674Z] [REQ] 304 GET /js/modules/exam/exam-api.js — ::1
[2026-05-29T03:23:03.674Z] [REQ] 304 GET /js/modules/dashboard/dashboard-api.js — ::1
[2026-05-29T03:23:03.676Z] [REQ] 304 GET /js/utils/error-handler.js — ::1
[2026-05-29T03:23:03.675Z] [REQ] 304 GET /js/utils/api.js — ::1
[2026-05-29T03:23:04.089Z] [REQ] 304 GET /pages/admin/admin-login.html — ::1
[2026-05-29T03:23:04.101Z] [REQ] 304 GET /styles/login.css — ::1
[2026-05-29T03:23:04.102Z] [REQ] 304 GET /js/config/supabase.config.js — ::1
[2026-05-29T03:23:04.102Z] [REQ] 304 GET /js/core/supabase.js — ::1
[2026-05-29T03:23:04.103Z] [REQ] 304 GET /js/core/auth.js — ::1
[2026-05-29T03:23:04.103Z] [REQ] 304 GET /js/modules/exam/exam-api.js — ::1
[2026-05-29T03:23:04.103Z] [REQ] 304 GET /js/modules/dashboard/dashboard-api.js — ::1
[2026-05-29T03:23:04.105Z] [REQ] 304 GET /js/utils/api.js — ::1
[2026-05-29T03:23:04.106Z] [REQ] 304 GET /js/utils/error-handler.js — ::1
[2026-05-29T03:23:20.780Z] [REQ] 304 GET /pages/admin/dashboard.html — ::1
[2026-05-29T03:23:20.793Z] [REQ] 304 GET /styles/dashboard.css — ::1
[2026-05-29T03:23:20.802Z] [REQ] 304 GET /js/config/supabase.config.js — ::1
[2026-05-29T03:23:20.807Z] [REQ] 304 GET /js/core/supabase.js — ::1
[2026-05-29T03:23:20.807Z] [REQ] 304 GET /js/core/auth.js — ::1
[2026-05-29T03:23:20.808Z] [REQ] 304 GET /js/modules/exam/exam-api.js — ::1
[2026-05-29T03:23:20.809Z] [REQ] 304 GET /js/modules/dashboard/dashboard-api.js — ::1
[2026-05-29T03:23:20.809Z] [REQ] 304 GET /js/utils/api.js — ::1
[2026-05-29T03:23:20.809Z] [REQ] 304 GET /js/utils/error-handler.js — ::1
[2026-05-29T03:23:20.810Z] [REQ] 304 GET /js/modules/dashboard/dashboard.js — ::1
[2026-05-29T03:23:37.457Z] [REQ] 200 GET /pages/participant/taskpane.html — ::1
[2026-05-29T03:23:37.502Z] [REQ] 200 GET /styles/taskpane.css — ::1
[2026-05-29T03:23:37.511Z] [REQ] 200 GET /js/config/supabase.config.js?v=1.1.0 — ::1
[2026-05-29T03:23:37.514Z] [REQ] 200 GET /js/core/auth.js?v=1.1.0 — ::1
[2026-05-29T03:23:37.514Z] [REQ] 200 GET /js/core/supabase.js?v=1.1.0 — ::1
[2026-05-29T03:23:37.515Z] [REQ] 200 GET /js/modules/exam/exam-api.js?v=1.1.0 — ::1
[2026-05-29T03:23:37.515Z] [REQ] 200 GET /js/modules/dashboard/dashboard-api.js?v=1.1.0 — ::1
[2026-05-29T03:23:37.517Z] [REQ] 200 GET /js/utils/api.js?v=1.1.0 — ::1
[2026-05-29T03:23:37.517Z] [REQ] 200 GET /js/utils/error-handler.js?v=1.1.0 — ::1
[2026-05-29T03:23:37.519Z] [REQ] 200 GET /js/modules/exam/exams.js?v=1.1.0 — ::1
[2026-05-29T03:23:37.520Z] [REQ] 200 GET /js/modules/exam/checkers.js?v=1.1.0 — ::1
[2026-05-29T03:23:37.521Z] [REQ] 200 GET /js/modules/exam/taskpane.js?v=1.1.0 — ::1
[2026-05-29T03:23:45.302Z] [WARN] 404 — GET /manifest.xml
[2026-05-29T03:23:45.303Z] [REQ] 404 GET /manifest.xml — ::1
[2026-05-29T03:23:56.587Z] [REQ] 302 GET / — ::1
[2026-05-29T03:23:56.618Z] [REQ] 304 GET /pages/participant/taskpane.html — ::1
[2026-05-29T03:23:56.640Z] [REQ] 304 GET /styles/taskpane.css — ::1
[2026-05-29T03:23:56.643Z] [REQ] 304 GET /js/config/supabase.config.js?v=1.1.0 — ::1
[2026-05-29T03:23:56.645Z] [REQ] 304 GET /js/core/supabase.js?v=1.1.0 — ::1
[2026-05-29T03:23:56.646Z] [REQ] 304 GET /js/core/auth.js?v=1.1.0 — ::1
[2026-05-29T03:23:56.652Z] [REQ] 304 GET /js/modules/exam/exam-api.js?v=1.1.0 — ::1
[2026-05-29T03:23:56.653Z] [REQ] 304 GET /js/modules/dashboard/dashboard-api.js?v=1.1.0 — ::1
[2026-05-29T03:23:56.653Z] [REQ] 304 GET /js/utils/api.js?v=1.1.0 — ::1
[2026-05-29T03:23:56.653Z] [REQ] 304 GET /js/utils/error-handler.js?v=1.1.0 — ::1
[2026-05-29T03:23:56.661Z] [REQ] 304 GET /js/modules/exam/checkers.js?v=1.1.0 — ::1
[2026-05-29T03:23:56.661Z] [REQ] 304 GET /js/modules/exam/taskpane.js?v=1.1.0 — ::1
[2026-05-29T03:23:56.661Z] [REQ] 304 GET /js/modules/exam/exams.js?v=1.1.0 — ::1
[2026-05-29T03:39:01.459Z] [REQ] 304 GET /pages/participant/taskpane.html — ::1
[2026-05-29T03:39:01.498Z] [REQ] 304 GET /styles/taskpane.css — ::1
[2026-05-29T03:39:01.500Z] [WARN] 404 — GET /js/config/supabase.config.js?v=1.1.0
[2026-05-29T03:39:01.501Z] [REQ] 404 GET /js/config/supabase.config.js?v=1.1.0 — ::1
[2026-05-29T03:39:01.505Z] [REQ] 304 GET /js/core/supabase.js?v=1.1.0 — ::1
[2026-05-29T03:39:01.508Z] [REQ] 304 GET /js/core/auth.js?v=1.1.0 — ::1
[2026-05-29T03:39:01.510Z] [REQ] 304 GET /js/modules/exam/exam-api.js?v=1.1.0 — ::1
[2026-05-29T03:39:01.514Z] [REQ] 304 GET /js/modules/dashboard/dashboard-api.js?v=1.1.0 — ::1
[2026-05-29T03:39:01.514Z] [REQ] 304 GET /js/utils/api.js?v=1.1.0 — ::1
[2026-05-29T03:39:01.516Z] [REQ] 304 GET /js/utils/error-handler.js?v=1.1.0 — ::1
[2026-05-29T03:39:01.517Z] [REQ] 304 GET /js/modules/exam/checkers.js?v=1.1.0 — ::1
[2026-05-29T03:39:01.518Z] [WARN] 404 — GET /js/modules/exam/exams.js?v=1.1.0
[2026-05-29T03:39:01.518Z] [REQ] 404 GET /js/modules/exam/exams.js?v=1.1.0 — ::1
[2026-05-29T03:39:01.519Z] [REQ] 304 GET /js/modules/exam/taskpane.js?v=1.1.0 — ::1
[2026-05-29T03:39:28.590Z] [REQ] 304 GET /pages/admin/admin-login.html — ::1
[2026-05-29T03:39:28.601Z] [REQ] 304 GET /styles/login.css — ::1
[2026-05-29T03:39:28.602Z] [WARN] 404 — GET /js/config/supabase.config.js
[2026-05-29T03:39:28.606Z] [REQ] 404 GET /js/config/supabase.config.js — ::1
[2026-05-29T03:39:28.611Z] [REQ] 304 GET /js/core/supabase.js — ::1
[2026-05-29T03:39:28.612Z] [REQ] 304 GET /js/modules/exam/exam-api.js — ::1
[2026-05-29T03:39:28.611Z] [REQ] 304 GET /js/core/auth.js — ::1
[2026-05-29T03:39:28.612Z] [REQ] 304 GET /js/modules/dashboard/dashboard-api.js — ::1
[2026-05-29T03:39:28.613Z] [REQ] 304 GET /js/utils/api.js — ::1
[2026-05-29T03:39:28.614Z] [REQ] 304 GET /js/utils/error-handler.js — ::1
[2026-05-29T03:52:52.132Z] [REQ] 200 GET /pages/admin/admin-login.html — ::1
[2026-05-29T03:52:52.143Z] [REQ] 304 GET /styles/login.css — ::1
[2026-05-29T03:52:52.153Z] [REQ] 200 GET /js/config/app.config.js — ::1
[2026-05-29T03:52:52.155Z] [REQ] 304 GET /js/core/auth.js — ::1
[2026-05-29T03:52:52.155Z] [REQ] 304 GET /js/modules/exam/exam-api.js — ::1
[2026-05-29T03:52:52.156Z] [REQ] 304 GET /js/modules/dashboard/dashboard-api.js — ::1
[2026-05-29T03:52:52.157Z] [REQ] 200 GET /js/core/supabase.js — ::1
[2026-05-29T03:52:52.156Z] [REQ] 304 GET /js/utils/api.js — ::1
[2026-05-29T03:52:52.156Z] [REQ] 304 GET /js/utils/error-handler.js — ::1
[2026-05-29T03:53:00.282Z] [REQ] 200 GET /pages/admin/dashboard.html — ::1
[2026-05-29T03:53:00.293Z] [REQ] 304 GET /styles/dashboard.css — ::1
[2026-05-29T03:53:00.294Z] [REQ] 304 GET /js/config/app.config.js — ::1
[2026-05-29T03:53:00.298Z] [REQ] 304 GET /js/core/supabase.js — ::1
[2026-05-29T03:53:00.300Z] [REQ] 304 GET /js/core/auth.js — ::1
[2026-05-29T03:53:00.301Z] [REQ] 304 GET /js/modules/exam/exam-api.js — ::1
[2026-05-29T03:53:00.303Z] [REQ] 304 GET /js/modules/dashboard/dashboard-api.js — ::1
[2026-05-29T03:53:00.304Z] [REQ] 304 GET /js/utils/api.js — ::1
[2026-05-29T03:53:00.306Z] [REQ] 304 GET /js/utils/error-handler.js — ::1
[2026-05-29T03:53:00.306Z] [REQ] 304 GET /js/modules/dashboard/dashboard.js — ::1
[2026-05-29T03:53:11.867Z] [REQ] 200 GET /pages/participant/taskpane.html — ::1
[2026-05-29T03:53:11.879Z] [REQ] 304 GET /styles/taskpane.css — ::1
[2026-05-29T03:53:11.881Z] [REQ] 304 GET /js/config/app.config.js — ::1
[2026-05-29T03:53:11.889Z] [REQ] 304 GET /js/modules/dashboard/dashboard-api.js?v=1.1.0 — ::1
[2026-05-29T03:53:11.889Z] [REQ] 304 GET /js/core/auth.js?v=1.1.0 — ::1
[2026-05-29T03:53:11.889Z] [REQ] 304 GET /js/modules/exam/exam-api.js?v=1.1.0 — ::1
[2026-05-29T03:53:11.889Z] [REQ] 304 GET /js/utils/api.js?v=1.1.0 — ::1
[2026-05-29T03:53:11.890Z] [REQ] 304 GET /js/utils/error-handler.js?v=1.1.0 — ::1
[2026-05-29T03:53:11.890Z] [REQ] 200 GET /js/core/supabase.js?v=1.1.0 — ::1
[2026-05-29T03:53:11.892Z] [REQ] 304 GET /js/modules/exam/checkers.js?v=1.1.0 — ::1
[2026-05-29T03:53:11.894Z] [REQ] 200 GET /js/modules/exam/exams-loader.js?v=1.2.0 — ::1
[2026-05-29T03:53:11.894Z] [REQ] 200 GET /js/modules/exam/taskpane.js?v=1.1.0 — ::1
[2026-05-29T03:53:11.922Z] [REQ] 200 GET /js/modules/exam/exams.json — ::1
[2026-05-29T03:55:32.149Z] [REQ] 302 GET /taskpane.html?_host_Info=Powerpoint$Win32$16.01$en-US$$$$0 — ::1
[2026-05-29T03:55:32.154Z] [REQ] 200 GET /pages/participant/taskpane.html — ::1
[2026-05-29T03:55:32.172Z] [REQ] 200 GET /styles/taskpane.css — ::1
[2026-05-29T03:55:32.173Z] [REQ] 200 GET /js/config/app.config.js — ::1
[2026-05-29T03:55:32.180Z] [REQ] 200 GET /js/core/supabase.js?v=1.1.0 — ::1
[2026-05-29T03:55:32.181Z] [REQ] 200 GET /js/core/auth.js?v=1.1.0 — ::1
[2026-05-29T03:55:32.181Z] [REQ] 200 GET /js/modules/exam/exam-api.js?v=1.1.0 — ::1
[2026-05-29T03:55:32.181Z] [REQ] 200 GET /js/modules/dashboard/dashboard-api.js?v=1.1.0 — ::1
[2026-05-29T03:55:32.182Z] [REQ] 200 GET /js/utils/api.js?v=1.1.0 — ::1
[2026-05-29T03:55:32.183Z] [REQ] 200 GET /js/utils/error-handler.js?v=1.1.0 — ::1
[2026-05-29T03:55:32.186Z] [REQ] 200 GET /js/modules/exam/checkers.js?v=1.1.0 — ::1
[2026-05-29T03:55:32.186Z] [REQ] 200 GET /js/modules/exam/exams-loader.js?v=1.2.0 — ::1
[2026-05-29T03:55:32.187Z] [REQ] 200 GET /js/modules/exam/taskpane.js?v=1.1.0 — ::1
[2026-05-29T03:55:32.355Z] [REQ] 200 GET /js/modules/exam/exams.json — ::1
[2026-05-29T03:55:59.435Z] [REQ] 304 GET /pages/admin/dashboard.html — ::1
[2026-05-29T03:55:59.446Z] [REQ] 304 GET /styles/dashboard.css — ::1
[2026-05-29T03:55:59.450Z] [REQ] 304 GET /js/config/app.config.js — ::1
[2026-05-29T03:55:59.456Z] [REQ] 304 GET /js/core/supabase.js — ::1
[2026-05-29T03:55:59.458Z] [REQ] 304 GET /js/core/auth.js — ::1
[2026-05-29T03:55:59.458Z] [REQ] 304 GET /js/modules/exam/exam-api.js — ::1
[2026-05-29T03:55:59.458Z] [REQ] 304 GET /js/modules/dashboard/dashboard-api.js — ::1
[2026-05-29T03:55:59.458Z] [REQ] 304 GET /js/utils/api.js — ::1
[2026-05-29T03:55:59.459Z] [REQ] 304 GET /js/utils/error-handler.js — ::1
[2026-05-29T03:55:59.459Z] [REQ] 304 GET /js/modules/dashboard/dashboard.js — ::1
[2026-05-29T03:55:59.916Z] [REQ] 200 GET /pages/admin/admin-login.html?error=unauthorized — ::1
[2026-05-29T03:55:59.928Z] [REQ] 304 GET /styles/login.css — ::1
[2026-05-29T03:55:59.928Z] [REQ] 304 GET /js/config/app.config.js — ::1
[2026-05-29T03:55:59.930Z] [REQ] 304 GET /js/core/supabase.js — ::1
[2026-05-29T03:55:59.930Z] [REQ] 304 GET /js/core/auth.js — ::1
[2026-05-29T03:55:59.933Z] [REQ] 304 GET /js/modules/dashboard/dashboard-api.js — ::1
[2026-05-29T03:55:59.933Z] [REQ] 304 GET /js/utils/api.js — ::1
[2026-05-29T03:55:59.932Z] [REQ] 304 GET /js/modules/exam/exam-api.js — ::1
[2026-05-29T03:55:59.933Z] [REQ] 304 GET /js/utils/error-handler.js — ::1
[2026-05-29T03:56:07.510Z] [REQ] 304 GET /pages/admin/dashboard.html — ::1
[2026-05-29T03:56:07.523Z] [REQ] 304 GET /styles/dashboard.css — ::1
[2026-05-29T03:56:07.525Z] [REQ] 304 GET /js/config/app.config.js — ::1
[2026-05-29T03:56:07.535Z] [REQ] 304 GET /js/modules/exam/exam-api.js — ::1
[2026-05-29T03:56:07.535Z] [REQ] 304 GET /js/core/auth.js — ::1
[2026-05-29T03:56:07.534Z] [REQ] 304 GET /js/core/supabase.js — ::1
[2026-05-29T03:56:07.535Z] [REQ] 304 GET /js/modules/dashboard/dashboard-api.js — ::1
[2026-05-29T03:56:07.537Z] [REQ] 304 GET /js/utils/api.js — ::1
[2026-05-29T03:56:07.538Z] [REQ] 304 GET /js/utils/error-handler.js — ::1
[2026-05-29T03:56:07.539Z] [REQ] 304 GET /js/modules/dashboard/dashboard.js — ::1
